<?xml version="1.0" encoding="UTF-8"?>
<!-- Generated by org.testng.reporters.JUnitReportReporter -->
<testsuite hostname="CLVITN-61L1FX3" failures="0" tests="1" name="com.domBlaze.TestCases.validateAuthPopup" time="6.445" errors="0" timestamp="2025-03-21T15:09:20 IST" skipped="0">
  <testcase classname="com.domBlaze.TestCases.validateAuthPopup" name="authPopup" time="6.445"/>
</testsuite> <!-- com.domBlaze.TestCases.validateAuthPopup -->
