<?xml version="1.0" encoding="UTF-8"?>
<!-- Generated by org.testng.reporters.JUnitReportReporter -->
<testsuite hostname="CLVITN-61L1FX3" failures="0" tests="1" name="com.domBlaze.TestCases.validateLinks" time="2.741" errors="0" timestamp="2025-03-21T21:03:50 IST" skipped="0">
  <testcase classname="com.domBlaze.TestCases.validateLinks" name="verifyBrokenLinks" time="2.741"/>
</testsuite> <!-- com.domBlaze.TestCases.validateLinks -->
